0 info it worked if it ends with ok
1 verbose cli [ '/usr/local/Cellar/node/4.2.1/bin/node',
1 verbose cli   '/usr/local/bin/npm',
1 verbose cli   'link',
1 verbose cli   'react-native-vimeo' ]
2 info using npm@2.14.7
3 info using node@v4.2.1
4 verbose install where, what [ '/usr/local/lib', [ 'react-native-vimeo' ] ]
5 verbose install initial load of /usr/local/lib/package.json
6 verbose installManyTop reading scoped package data from /usr/local/lib/node_modules/auth/package.json
7 verbose installManyTop reading scoped package data from /usr/local/lib/node_modules/babel-eslint/package.json
8 verbose installManyTop reading scoped package data from /usr/local/lib/node_modules/code-push-cli/package.json
9 verbose installManyTop reading scoped package data from /usr/local/lib/node_modules/common-components/package.json
10 verbose installManyTop reading scoped package data from /usr/local/lib/node_modules/common-native-components/package.json
11 verbose installManyTop reading scoped package data from /usr/local/lib/node_modules/core/package.json
12 verbose installManyTop reading scoped package data from /usr/local/lib/node_modules/eslint/package.json
13 verbose installManyTop reading scoped package data from /usr/local/lib/node_modules/grunt-cli/package.json
14 verbose installManyTop reading scoped package data from /usr/local/lib/node_modules/gulp/package.json
15 verbose installManyTop reading scoped package data from /usr/local/lib/node_modules/how2/package.json
16 verbose installManyTop reading scoped package data from /usr/local/lib/node_modules/i18n/package.json
17 verbose installManyTop reading scoped package data from /usr/local/lib/node_modules/jscodeshift/package.json
18 verbose installManyTop reading scoped package data from /usr/local/lib/node_modules/nodemon/package.json
19 verbose installManyTop reading scoped package data from /usr/local/lib/node_modules/npm/package.json
20 verbose installManyTop reading scoped package data from /usr/local/lib/node_modules/npm-git-lock/package.json
21 verbose installManyTop reading scoped package data from /usr/local/lib/node_modules/npm_lazy/package.json
22 verbose installManyTop reading scoped package data from /usr/local/lib/node_modules/react-native-button/package.json
23 verbose installManyTop reading scoped package data from /usr/local/lib/node_modules/react-native-cli/package.json
24 verbose installManyTop reading scoped package data from /usr/local/lib/node_modules/react-native-env/package.json
25 verbose installManyTop reading scoped package data from /usr/local/lib/node_modules/state/package.json
26 verbose installManyTop reading scoped package data from /usr/local/lib/node_modules/style/package.json
27 verbose installManyTop reading scoped package data from /usr/local/lib/node_modules/tern/package.json
28 verbose installManyTop reading scoped package data from /usr/local/lib/node_modules/utilities/package.json
29 verbose installManyTop reading scoped package data from /usr/local/lib/node_modules/wordbase-web-js/package.json
30 info package.json how2@1.0.5 license should be a valid SPDX license expression
31 info package.json grunt-cli@0.1.13 No license field.
32 info package.json npm_lazy@1.7.0 license should be a valid SPDX license expression
33 info package.json react-native-env@0.0.6 No repository field.
34 info package.json wordbase-web-js@1.0.0 No description
35 info package.json wordbase-web-js@1.0.0 No repository field.
36 info package.json wordbase-web-js@1.0.0 No README data
37 verbose readDependencies loading dependencies from /usr/local/lib/package.json
38 silly cache add args [ 'react-native-vimeo', null ]
39 verbose cache add spec react-native-vimeo
40 silly cache add parsed spec Result {
40 silly cache add   raw: 'react-native-vimeo',
40 silly cache add   scope: null,
40 silly cache add   name: 'react-native-vimeo',
40 silly cache add   rawSpec: '',
40 silly cache add   spec: '*',
40 silly cache add   type: 'range' }
41 silly addNamed react-native-vimeo@*
42 verbose addNamed "*" is a valid semver range for react-native-vimeo
43 silly addNameRange { name: 'react-native-vimeo', range: '*', hasData: false }
44 silly mapToRegistry name react-native-vimeo
45 silly mapToRegistry using default registry
46 silly mapToRegistry registry https://registry.npmjs.org/
47 silly mapToRegistry uri https://registry.npmjs.org/react-native-vimeo
48 verbose addNameRange registry:https://registry.npmjs.org/react-native-vimeo not in flight; fetching
49 verbose request uri https://registry.npmjs.org/react-native-vimeo
50 verbose request no auth needed
51 info attempt registry request try #1 at 4:53:24 PM
52 verbose request id 8c95b3e098d0a3b2
53 http request GET https://registry.npmjs.org/react-native-vimeo
54 http 404 https://registry.npmjs.org/react-native-vimeo
55 verbose headers { 'content-type': 'application/json',
55 verbose headers   'cache-control': 'max-age=0',
55 verbose headers   'content-length': '2',
55 verbose headers   'accept-ranges': 'bytes',
55 verbose headers   date: 'Thu, 10 Mar 2016 00:53:24 GMT',
55 verbose headers   via: '1.1 varnish',
55 verbose headers   age: '0',
55 verbose headers   connection: 'keep-alive',
55 verbose headers   'x-served-by': 'cache-sjc3126-SJC',
55 verbose headers   'x-cache': 'MISS',
55 verbose headers   'x-cache-hits': '0',
55 verbose headers   'x-timer': 'S1457571204.336313,VS0,VE177' }
56 silly get cb [ 404,
56 silly get   { 'content-type': 'application/json',
56 silly get     'cache-control': 'max-age=0',
56 silly get     'content-length': '2',
56 silly get     'accept-ranges': 'bytes',
56 silly get     date: 'Thu, 10 Mar 2016 00:53:24 GMT',
56 silly get     via: '1.1 varnish',
56 silly get     age: '0',
56 silly get     connection: 'keep-alive',
56 silly get     'x-served-by': 'cache-sjc3126-SJC',
56 silly get     'x-cache': 'MISS',
56 silly get     'x-cache-hits': '0',
56 silly get     'x-timer': 'S1457571204.336313,VS0,VE177' } ]
57 verbose stack Error: Registry returned 404 for GET on https://registry.npmjs.org/react-native-vimeo
57 verbose stack     at makeError (/usr/local/lib/node_modules/npm/node_modules/npm-registry-client/lib/request.js:264:12)
57 verbose stack     at CachingRegistryClient.<anonymous> (/usr/local/lib/node_modules/npm/node_modules/npm-registry-client/lib/request.js:242:14)
57 verbose stack     at Request._callback (/usr/local/lib/node_modules/npm/node_modules/npm-registry-client/lib/request.js:172:14)
57 verbose stack     at Request.self.callback (/usr/local/lib/node_modules/npm/node_modules/request/request.js:198:22)
57 verbose stack     at emitTwo (events.js:87:13)
57 verbose stack     at Request.emit (events.js:172:7)
57 verbose stack     at Request.<anonymous> (/usr/local/lib/node_modules/npm/node_modules/request/request.js:1063:14)
57 verbose stack     at emitOne (events.js:82:20)
57 verbose stack     at Request.emit (events.js:169:7)
57 verbose stack     at IncomingMessage.<anonymous> (/usr/local/lib/node_modules/npm/node_modules/request/request.js:1009:12)
58 verbose statusCode 404
59 verbose pkgid react-native-vimeo
60 verbose cwd /Users/Alex/Documents/SoftwareDevelopment/projects/myagi/react-native-vimeo
61 error Darwin 15.3.0
62 error argv "/usr/local/Cellar/node/4.2.1/bin/node" "/usr/local/bin/npm" "link" "react-native-vimeo"
63 error node v4.2.1
64 error npm  v2.14.7
65 error code E404
66 error 404 Registry returned 404 for GET on https://registry.npmjs.org/react-native-vimeo
66 error 404
66 error 404 'react-native-vimeo' is not in the npm registry.
66 error 404 You should bug the author to publish it (or use the name yourself!)
66 error 404
66 error 404 Note that you can also install from a
66 error 404 tarball, folder, http url, or git url.
67 verbose exit [ 1, true ]
